0 info it worked if it ends with ok
1 verbose cli [ '/usr/local/Cellar/node/6.2.1/bin/node',
1 verbose cli   '/usr/local/bin/npm',
1 verbose cli   'run',
1 verbose cli   'dev' ]
2 info using npm@3.9.3
3 info using node@v6.2.1
4 verbose run-script [ 'predev', 'dev', 'postdev' ]
5 info lifecycle griffin-render@1.0.0~predev: griffin-render@1.0.0
6 silly lifecycle griffin-render@1.0.0~predev: no script for predev, continuing
7 info lifecycle griffin-render@1.0.0~dev: griffin-render@1.0.0
8 verbose lifecycle griffin-render@1.0.0~dev: unsafe-perm in lifecycle true
9 verbose lifecycle griffin-render@1.0.0~dev: PATH: /usr/local/lib/node_modules/npm/bin/node-gyp-bin:/Users/sjtupt/Documents/Griffin-total/GriffinWeb/packages/griffin-render/node_modules/.bin:/usr/local/Cellar/node/6.2.1/bin:/Users/sjtupt/bin:/usr/local/bin:/Library/Frameworks/Python.framework/Versions/3.6/bin:/usr/local/bin:/usr/bin:/bin:/usr/sbin:/sbin:~/bin:/usr/local/aria2/bin:/Users/sjtupt/Downloads/gradle-2.10/bin:/usr/local/mysql/bin
10 verbose lifecycle griffin-render@1.0.0~dev: CWD: /Users/sjtupt/Documents/Griffin-total/GriffinWeb/packages/griffin-render
11 silly lifecycle griffin-render@1.0.0~dev: Args: [ '-c', 'gulp dev' ]
12 silly lifecycle griffin-render@1.0.0~dev: Returned: code: 1  signal: null
13 info lifecycle griffin-render@1.0.0~dev: Failed to exec dev script
14 verbose stack Error: griffin-render@1.0.0 dev: `gulp dev`
14 verbose stack Exit status 1
14 verbose stack     at EventEmitter.<anonymous> (/usr/local/lib/node_modules/npm/lib/utils/lifecycle.js:245:16)
14 verbose stack     at emitTwo (events.js:106:13)
14 verbose stack     at EventEmitter.emit (events.js:191:7)
14 verbose stack     at ChildProcess.<anonymous> (/usr/local/lib/node_modules/npm/lib/utils/spawn.js:24:14)
14 verbose stack     at emitTwo (events.js:106:13)
14 verbose stack     at ChildProcess.emit (events.js:191:7)
14 verbose stack     at maybeClose (internal/child_process.js:852:16)
14 verbose stack     at Process.ChildProcess._handle.onexit (internal/child_process.js:215:5)
15 verbose pkgid griffin-render@1.0.0
16 verbose cwd /Users/sjtupt/Documents/Griffin-total/GriffinWeb/packages/griffin-render
17 error Darwin 17.3.0
18 error argv "/usr/local/Cellar/node/6.2.1/bin/node" "/usr/local/bin/npm" "run" "dev"
19 error node v6.2.1
20 error npm  v3.9.3
21 error code ELIFECYCLE
22 error griffin-render@1.0.0 dev: `gulp dev`
22 error Exit status 1
23 error Failed at the griffin-render@1.0.0 dev script 'gulp dev'.
23 error Make sure you have the latest version of node.js and npm installed.
23 error If you do, this is most likely a problem with the griffin-render package,
23 error not with npm itself.
23 error Tell the author that this fails on your system:
23 error     gulp dev
23 error You can get information on how to open an issue for this project with:
23 error     npm bugs griffin-render
23 error Or if that isn't available, you can get their info via:
23 error     npm owner ls griffin-render
23 error There is likely additional logging output above.
24 verbose exit [ 1, true ]
